[18:28:47] [main/INFO]: Loading Minecraft 1.20.1 with Fabric Loader 0.16.10
[18:28:48] [main/INFO]: Loading 50 mods:
	- aquamirae 6
	- fabric-api 0.92.6+1.20.1
	   |-- fabric-api-base 0.4.32+1802ada577
	   |-- fabric-api-lookup-api-v1 1.6.37+1802ada577
	   |-- fabric-biome-api-v1 13.0.14+1802ada577
	   |-- fabric-block-api-v1 1.0.12+1802ada577
	   |-- fabric-block-view-api-v2 1.0.3+924f046a77
	   |-- fabric-blockrenderlayer-v1 1.1.42+1802ada577
	   |-- fabric-client-tags-api-v1 1.1.3+1802ada577
	   |-- fabric-command-api-v1 1.2.35+f71b366f77
	   |-- fabric-command-api-v2 2.2.14+1802ada577
	   |-- fabric-commands-v0 0.2.52+df3654b377
	   |-- fabric-containers-v0 0.1.67+df3654b377
	   |-- fabric-content-registries-v0 4.0.13+1802ada577
	   |-- fabric-convention-tags-v1 1.5.6+1802ada577
	   |-- fabric-crash-report-info-v1 0.2.20+1802ada577
	   |-- fabric-data-attachment-api-v1 1.0.2+de0fd6d177
	   |-- fabric-data-generation-api-v1 12.3.7+1802ada577
	   |-- fabric-dimensions-v1 2.1.55+1802ada577
	   |-- fabric-entity-events-v1 1.6.1+1c78457f77
	   |-- fabric-events-interaction-v0 0.6.5+13a40c6677
	   |-- fabric-events-lifecycle-v0 0.2.64+df3654b377
	   |-- fabric-game-rule-api-v1 1.0.41+1802ada577
	   |-- fabric-item-api-v1 2.1.29+1802ada577
	   |-- fabric-item-group-api-v1 4.0.14+1802ada577
	   |-- fabric-key-binding-api-v1 1.0.38+1802ada577
	   |-- fabric-keybindings-v0 0.2.36+df3654b377
	   |-- fabric-lifecycle-events-v1 2.2.23+1802ada577
	   |-- fabric-loot-api-v2 1.2.3+1802ada577
	   |-- fabric-loot-tables-v1 1.1.47+9e7660c677
	   |-- fabric-message-api-v1 5.1.10+1802ada577
	   |-- fabric-mining-level-api-v1 2.1.52+1802ada577
	   |-- fabric-model-loading-api-v1 1.0.4+1802ada577
	   |-- fabric-models-v0 0.4.3+9386d8a777
	   |-- fabric-networking-api-v1 1.3.14+a158aa0477
	   |-- fabric-networking-v0 0.3.54+df3654b377
	   |-- fabric-object-builder-api-v1 11.1.5+e35120df77
	   |-- fabric-particles-v1 1.1.3+1802ada577
	   |-- fabric-recipe-api-v1 1.0.24+1802ada577
	   |-- fabric-registry-sync-v0 2.3.6+1802ada577
	   |-- fabric-renderer-api-v1 3.2.2+1802ada577
	   |-- fabric-renderer-indigo 1.5.3+85287f9f77
	   |-- fabric-renderer-registries-v1 3.2.47+df3654b377
	   |-- fabric-rendering-data-attachment-v1 0.3.39+92a0d36777
	   |-- fabric-rendering-fluids-v1 3.0.29+1802ada577
	   |-- fabric-rendering-v0 1.1.50+df3654b377
	   |-- fabric-rendering-v1 3.0.9+1802ada577
	   |-- fabric-resource-conditions-api-v1 2.3.9+1802ada577
	   |-- fabric-resource-loader-v0 0.11.12+fb82e9d777
	   |-- fabric-screen-api-v1 2.0.9+1802ada577
	   |-- fabric-screen-handler-api-v1 1.3.33+1802ada577
	   |-- fabric-sound-api-v1 1.0.14+1802ada577
	   |-- fabric-transfer-api-v1 3.3.6+8dd72ea377
	   \-- fabric-transitive-access-wideners-v1 4.3.2+1802ada577
	- fabricloader 0.16.10
	   \-- mixinextras 0.4.1
	- fallingtree 4.3.4
	- java 17
	- jei 15.20.0.112
	- journeymap 5.10.3
	   \-- journeymap-api-fabric 1.20-1.9-fabric-SNAPSHOT
	- minecraft 1.20.1
	- obscure_api 16
[18:28:49] [main/INFO]: SpongePowered MIXIN Subsystem Version=0.8.7 Source=file:/workspaces/own-server/servidor_minecraft/libraries/net/fabricmc/sponge-mixin/0.15.4+mixin.0.8.7/sponge-mixin-0.15.4+mixin.0.8.7.jar Service=Knot/Fabric Env=SERVER
[18:28:49] [main/INFO]: Compatibility level set to JAVA_17
[18:28:50] [main/INFO]: Initializing MixinExtras via com.llamalad7.mixinextras.service.MixinExtrasServiceImpl(version=0.4.1).
[18:29:02] [main/INFO]: Initializing ServerSide Packet Registries
[18:29:02] [main/INFO]: Environment: authHost='https://authserver.mojang.com', accountsHost='https://api.mojang.com', sessionHost='https://sessionserver.mojang.com', servicesHost='https://api.minecraftservices.com', name='PROD'
[18:29:04] [main/INFO]: [fabric-registry-sync] Loaded registry data [file 1/4]
[18:29:05] [main/INFO]: Loaded 7 recipes
[18:29:06] [main/INFO]: Loaded 1302 advancements
[18:29:06] [main/INFO]: Applied 9 biome modifications to 1 of 64 new biomes in 11.84 ms
[18:29:06] [Server thread/INFO]: Starting minecraft server version 1.20.1
[18:29:06] [Server thread/INFO]: Loading properties
[18:29:06] [Server thread/INFO]: Default game type: SURVIVAL
[18:29:06] [Server thread/INFO]: Generating keypair
[18:29:06] [Server thread/INFO]: Starting Minecraft server on *:25565
[18:29:07] [Server thread/INFO]: Using epoll channel type
[18:29:07] [Server thread/WARN]: **** SERVER IS RUNNING IN OFFLINE/INSECURE MODE!
[18:29:07] [Server thread/WARN]: The server will make no attempt to authenticate usernames. Beware.
[18:29:07] [Server thread/WARN]: While this makes the game possible to play without internet access, it also opens up the ability for hackers to connect with any username they choose.
[18:29:07] [Server thread/WARN]: To change this, set "online-mode" to "true" in the server.properties file.
[18:29:07] [Server thread/INFO]: Preparing level "world"
[18:29:13] [Server thread/INFO]: Preparing start region for dimension minecraft:overworld
[18:29:18] [Worker-Main-1/INFO]: Preparing spawn area: 0%
[18:29:18] [Worker-Main-1/INFO]: Preparing spawn area: 0%
[18:29:18] [Worker-Main-1/INFO]: Preparing spawn area: 0%
[18:29:18] [Worker-Main-1/INFO]: Preparing spawn area: 0%
[18:29:18] [Worker-Main-1/INFO]: Preparing spawn area: 0%
[18:29:18] [Worker-Main-1/INFO]: Preparing spawn area: 0%
[18:29:18] [Worker-Main-1/INFO]: Preparing spawn area: 0%
[18:29:18] [Worker-Main-1/INFO]: Preparing spawn area: 0%
[18:29:18] [Worker-Main-1/INFO]: Preparing spawn area: 0%
[18:29:18] [Worker-Main-1/INFO]: Preparing spawn area: 0%
[18:29:18] [Worker-Main-1/INFO]: Preparing spawn area: 0%
[18:29:18] [Worker-Main-1/INFO]: Preparing spawn area: 0%
[18:29:19] [Worker-Main-1/INFO]: Preparing spawn area: 0%
[18:29:19] [Worker-Main-1/INFO]: Preparing spawn area: 0%
[18:29:20] [Worker-Main-1/INFO]: Preparing spawn area: 0%
[18:29:20] [Worker-Main-1/INFO]: Preparing spawn area: 0%
[18:29:21] [Worker-Main-1/INFO]: Preparing spawn area: 0%
[18:29:21] [Worker-Main-1/INFO]: Preparing spawn area: 0%
[18:29:22] [Worker-Main-1/INFO]: Preparing spawn area: 0%
[18:29:22] [Server thread/INFO]: Time elapsed: 9674 ms
[18:29:22] [Server thread/INFO]: Done (15.538s)! For help, type "help"
